{
  "stats": {
    "suites": 1,
    "tests": 11,
    "passes": 11,
    "pending": 0,
    "failures": 0,
    "start": "2024-04-11T14:05:51.085Z",
    "end": "2024-04-11T14:10:03.823Z",
    "duration": 252738,
    "testsRegistered": 11,
    "passPercent": 100,
    "pendingPercent": 0,
    "other": 0,
    "hasOther": false,
    "skipped": 0,
    "hasSkipped": false
  },
  "results": [
    {
      "uuid": "058dd6a9-bd80-405c-90c0-2f73a5300451",
      "title": "",
      "fullFile": "cypress/e2e/automation.cy.js",
      "file": "cypress/e2e/automation.cy.js",
      "beforeHooks": [],
      "afterHooks": [],
      "tests": [],
      "suites": [
        {
          "uuid": "5b024d15-dc47-4063-acdf-8121fb88251f",
          "title": "Project work for cypress class",
          "fullFile": "",
          "file": "",
          "beforeHooks": [],
          "afterHooks": [],
          "tests": [
            {
              "title": "User can register user with an existing email",
              "fullTitle": "Project work for cypress class User can register user with an existing email",
              "timedOut": null,
              "duration": 29304,
              "state": "passed",
              "speed": "slow",
              "pass": true,
              "fail": false,
              "pending": false,
              "context": null,
              "code": "cy.xpath(el.signupLogin).click();\ncy.autoAssert(\"autoLocators\", el.usernameField, el.username);\ncy.autoAssert(\"autoLocators\", el.emailField, el.existingEmail);\ncy.xpath(el.signup).click();\ncy.screenshot(\"ExistingEmailSignup\");",
              "err": {},
              "uuid": "f921846b-b404-4528-961c-e84daebfa434",
              "parentUUID": "5b024d15-dc47-4063-acdf-8121fb88251f",
              "isHook": false,
              "skipped": false
            },
            {
              "title": "User can register user",
              "fullTitle": "Project work for cypress class User can register user",
              "timedOut": null,
              "duration": 15060,
              "state": "passed",
              "speed": "slow",
              "pass": true,
              "fail": false,
              "pending": false,
              "context": null,
              "code": "cy.xpath(el.signupLogin).click();\ncy.autoAssert(\"autoLocators\", el.usernameField, el.username);\ncy.autoAssert(\"autoLocators\", el.emailField, el.email);\ncy.xpath(el.signup).click();",
              "err": {},
              "uuid": "f8f7f2f0-1974-46c3-be9f-5c222f3719e8",
              "parentUUID": "5b024d15-dc47-4063-acdf-8121fb88251f",
              "isHook": false,
              "skipped": false
            },
            {
              "title": "User should be able to fill the personal information ",
              "fullTitle": "Project work for cypress class User should be able to fill the personal information ",
              "timedOut": null,
              "duration": 40347,
              "state": "passed",
              "speed": "slow",
              "pass": true,
              "fail": false,
              "pending": false,
              "context": null,
              "code": "cy.get(el.gender).click();\ncy.autoAssert(\"autoLocators\", el.passwordField, el.password);\ncy.xpath(el.dayfield).contains(el.day).click({\n  force: true\n});\ncy.xpath(el.monthField).contains(el.month).click({\n  force: true\n});\ncy.xpath(el.yearField).contains(el.year).click({\n  force: true\n});\ncy.get(el.newsletter).click();\ncy.get(el.offers).click();\ncy.autoAssert(\"autoLocators\", el.firstnameField, el.firstname);\ncy.autoAssert(\"autoLocators\", el.lastnameField, el.lastname);\ncy.autoAssert(\"autoLocators\", el.companyField, el.company);\ncy.autoAssert(\"autoLocators\", el.addressField, el.address);\ncy.xpath(el.countryField).contains(el.country).click({\n  force: true\n});\ncy.autoAssert(\"autoLocators\", el.stateField, el.state);\ncy.autoAssert(\"autoLocators\", el.cityField, el.city);\ncy.autoAssert(\"autoLocators\", el.zipcodeField, el.zipcode);\ncy.autoAssert(\"autoLocators\", el.mobilenumberField, el.mobilenumber);\ncy.xpath(el.createaccount).click();\ncy.screenshot(\"Registration Complete\");\ncy.xpath(el.continue).click();\ncy.get(el.log).click();",
              "err": {},
              "uuid": "505f430d-007f-4109-b2b9-d9ad338a8218",
              "parentUUID": "5b024d15-dc47-4063-acdf-8121fb88251f",
              "isHook": false,
              "skipped": false
            },
            {
              "title": "User logging in with invalid credentials",
              "fullTitle": "Project work for cypress class User logging in with invalid credentials",
              "timedOut": null,
              "duration": 6092,
              "state": "passed",
              "speed": "medium",
              "pass": true,
              "fail": false,
              "pending": false,
              "context": null,
              "code": "cy.xpath(el.signupLogin).click();\ncy.autoAssert(\"autoLocators\", el.loginEmailfield, el.invalidemail);\ncy.autoAssert(\"autoLocators\", el.loginPasswordfield, el.invalidpassword);\ncy.xpath(el.login).click();",
              "err": {},
              "uuid": "3d184286-a603-48aa-b1f4-1c983f26106f",
              "parentUUID": "5b024d15-dc47-4063-acdf-8121fb88251f",
              "isHook": false,
              "skipped": false
            },
            {
              "title": "Usershould be able to login with valid credentials",
              "fullTitle": "Project work for cypress class Usershould be able to login with valid credentials",
              "timedOut": null,
              "duration": 45917,
              "state": "passed",
              "speed": "slow",
              "pass": true,
              "fail": false,
              "pending": false,
              "context": null,
              "code": "cy.login();",
              "err": {},
              "uuid": "122cf6c2-01fe-4533-8f25-420d234157d0",
              "parentUUID": "5b024d15-dc47-4063-acdf-8121fb88251f",
              "isHook": false,
              "skipped": false
            },
            {
              "title": "User should be able to logout",
              "fullTitle": "Project work for cypress class User should be able to logout",
              "timedOut": null,
              "duration": 2252,
              "state": "passed",
              "speed": "fast",
              "pass": true,
              "fail": false,
              "pending": false,
              "context": null,
              "code": "cy.get(el.logout).click();",
              "err": {},
              "uuid": "5377efe5-f6b7-480b-ab80-d0bfea050582",
              "parentUUID": "5b024d15-dc47-4063-acdf-8121fb88251f",
              "isHook": false,
              "skipped": false
            },
            {
              "title": "User should be able to use the contact form",
              "fullTitle": "Project work for cypress class User should be able to use the contact form",
              "timedOut": null,
              "duration": 11578,
              "state": "passed",
              "speed": "slow",
              "pass": true,
              "fail": false,
              "pending": false,
              "context": null,
              "code": "cy.get(el.contactus).click();\ncy.autoAssert(\"autoLocators\", el.cName, el.name);\ncy.autoAssert(\"autoLocators\", el.cemailfield, el.cemail);\ncy.autoAssert(\"autoLocators\", el.subjectfield, el.subject);\ncy.autoAssert(\"autoLocators\", el.body, el.message);\ncy.get(el.upload).attachFile(\"face.jpeg\");\ncy.xpath(el.submit).click();\ncy.screenshot(\"Upload\");",
              "err": {},
              "uuid": "9c1f741c-20c8-44b5-8e3e-adfee1d59c70",
              "parentUUID": "5b024d15-dc47-4063-acdf-8121fb88251f",
              "isHook": false,
              "skipped": false
            },
            {
              "title": "User should be able to add products to the cart",
              "fullTitle": "Project work for cypress class User should be able to add products to the cart",
              "timedOut": null,
              "duration": 85219,
              "state": "passed",
              "speed": "slow",
              "pass": true,
              "fail": false,
              "pending": false,
              "context": null,
              "code": "cy.login();\ncy.get(el.product).click();\ncy.get(el.viewproduct1).click();\ncy.get(el.addCart).click();\ncy.get(el.added).click();\ncy.get(el.product).click();\ncy.get(el.viewproduct2).click();\ncy.get(el.addCart).click();",
              "err": {},
              "uuid": "08d86912-c41f-4469-819b-4ad3d533438d",
              "parentUUID": "5b024d15-dc47-4063-acdf-8121fb88251f",
              "isHook": false,
              "skipped": false
            },
            {
              "title": "User should be able to view cart and Checkout",
              "fullTitle": "Project work for cypress class User should be able to view cart and Checkout",
              "timedOut": null,
              "duration": 10699,
              "state": "passed",
              "speed": "slow",
              "pass": true,
              "fail": false,
              "pending": false,
              "context": null,
              "code": "cy.get(el.viewcart).click();\ncy.get(el.proceedCheckout).click();\ncy.screenshot(\"Order summary\");\ncy.get(el.checkout).click();",
              "err": {},
              "uuid": "f29aa709-ac4c-4df7-a0af-f8e8036132b4",
              "parentUUID": "5b024d15-dc47-4063-acdf-8121fb88251f",
              "isHook": false,
              "skipped": false
            },
            {
              "title": "User should be able to pay for the order",
              "fullTitle": "Project work for cypress class User should be able to pay for the order",
              "timedOut": null,
              "duration": 4988,
              "state": "passed",
              "speed": "fast",
              "pass": true,
              "fail": false,
              "pending": false,
              "context": null,
              "code": "cy.autoAssert(\"autoLocators\", el.nameCardField, el.cardname);\ncy.autoAssert(\"autoLocators\", el.cardnoField, el.cardno);\ncy.autoAssert(\"autoLocators\", el.cvcField, el.cvc);\ncy.autoAssert(\"autoLocators\", el.expirationM, el.m);\ncy.autoAssert(\"autoLocators\", el.expirationY, el.y);\ncy.xpath(el.pay).click();\ncy.screenshot(\"Payment Confirmation\");",
              "err": {},
              "uuid": "2f9072d8-fd3a-44f4-8e58-2fc5d64fa17a",
              "parentUUID": "5b024d15-dc47-4063-acdf-8121fb88251f",
              "isHook": false,
              "skipped": false
            },
            {
              "title": "User can download the invoice",
              "fullTitle": "Project work for cypress class User can download the invoice",
              "timedOut": null,
              "duration": 457,
              "state": "passed",
              "speed": "fast",
              "pass": true,
              "fail": false,
              "pending": false,
              "context": null,
              "code": "cy.get(el.download).click();",
              "err": {},
              "uuid": "d26bd45f-d6f9-40af-a758-7ca1e102e606",
              "parentUUID": "5b024d15-dc47-4063-acdf-8121fb88251f",
              "isHook": false,
              "skipped": false
            }
          ],
          "suites": [],
          "passes": [
            "f921846b-b404-4528-961c-e84daebfa434",
            "f8f7f2f0-1974-46c3-be9f-5c222f3719e8",
            "505f430d-007f-4109-b2b9-d9ad338a8218",
            "3d184286-a603-48aa-b1f4-1c983f26106f",
            "122cf6c2-01fe-4533-8f25-420d234157d0",
            "5377efe5-f6b7-480b-ab80-d0bfea050582",
            "9c1f741c-20c8-44b5-8e3e-adfee1d59c70",
            "08d86912-c41f-4469-819b-4ad3d533438d",
            "f29aa709-ac4c-4df7-a0af-f8e8036132b4",
            "2f9072d8-fd3a-44f4-8e58-2fc5d64fa17a",
            "d26bd45f-d6f9-40af-a758-7ca1e102e606"
          ],
          "failures": [],
          "pending": [],
          "skipped": [],
          "duration": 251913,
          "root": false,
          "rootEmpty": false,
          "_timeout": 2000
        }
      ],
      "passes": [],
      "failures": [],
      "pending": [],
      "skipped": [],
      "duration": 0,
      "root": true,
      "rootEmpty": true,
      "_timeout": 2000
    }
  ],
  "meta": {
    "mocha": {
      "version": "7.0.1"
    },
    "mochawesome": {
      "options": {
        "quiet": false,
        "reportFilename": "mochawesome",
        "saveHtml": true,
        "saveJson": true,
        "consoleReporter": "spec",
        "useInlineDiffs": false,
        "code": true
      },
      "version": "7.1.3"
    },
    "marge": {
      "options": {
        "charts": true,
        "overwrite": true,
        "html": true,
        "json": true,
        "reportDir": "cypress/report"
      },
      "version": "6.2.0"
    }
  }
}